<?xml version="1.0" encoding="UTF-8"?>
<testsuite xmlns:xsi="http://www.w3.org/2001/XMLSchema-instance" xsi:noNamespaceSchemaLocation="https://maven.apache.org/surefire/maven-surefire-plugin/xsd/surefire-test-report-3.0.xsd" version="3.0" name="com.it_academy.tests.onliner.CatalogMenuNavigationTest" time="13.457" tests="1" errors="0" skipped="0" failures="0">
  <properties>
[...]
</properties>
  <testcase name="testUserIsAbleToSawSectionsOfCatalog" classname="com.it_academy.tests.onliner.CatalogMenuNavigationTest" time="13.063">
    <system-out><![CDATA[[Электроника, Компьютеры и сети, Бытовая техника, Стройка и ремонт, Дом и сад, Авто и мото, Красота и спорт, Детям и мамам, Работа и офис, Еда]
]]></system-out>
    <system-err><![CDATA[Starting ChromeDriver 99.0.4844.51 (d537ec02474b5afe23684e7963d538896c63ac77-refs/branch-heads/4844@{#875}) on port 24400
Only local connections are allowed.
Please see https://chromedriver.chromium.org/security-considerations for suggestions on keeping ChromeDriver safe.
ChromeDriver was started successfully.
апр. 03, 2022 3:39:22 AM org.openqa.selenium.remote.ProtocolHandshake createSession
INFO: Detected dialect: W3C
]]></system-err>
  </testcase>
</testsuite>