<?xml version="1.0" encoding="UTF-8"?>
<testsuite xmlns:xsi="http://www.w3.org/2001/XMLSchema-instance" xsi:noNamespaceSchemaLocation="https://maven.apache.org/surefire/maven-surefire-plugin/xsd/surefire-test-report.xsd" name="com.it_academy.tests.onliner.CatalogMenuNavigationTest" time="35.689" tests="3" errors="0" skipped="0" failures="0">
  <properties>
[...]
</properties>
  <testcase name="testUserIsAbleToSawProductsSectionsOfCatalog" classname="com.it_academy.tests.onliner.CatalogMenuNavigationTest" time="18.257"/>
  <testcase name="testUserIsAbleToSawSectionsOfComputerAndNetworkMenuSections" classname="com.it_academy.tests.onliner.CatalogMenuNavigationTest" time="9.423"/>
  <testcase name="testUserIsAbleToSawSectionsOfCatalog" classname="com.it_academy.tests.onliner.CatalogMenuNavigationTest" time="7.589"/>
</testsuite>